Warn, You specify -master option is ignored!
Iter Step: 0, Loss: 0.694947
Iter Step: 1000, Loss: 0.682891
Iter Step: 2000, Loss: 0.678424
Iter Step: 3000, Loss: 0.67385
Iter Step: 4000, Loss: 0.66911
Iter Step: 5000, Loss: 0.664257
Iter Step: 6000, Loss: 0.659396
Iter Step: 7000, Loss: 0.654536
Iter Step: 8000, Loss: 0.649805
Iter Step: 9000, Loss: 0.645244
Iter Step: 10000, Loss: 0.681763
Iter Step: 11000, Loss: 0.668411
Iter Step: 12000, Loss: 0.666438
Iter Step: 13000, Loss: 0.665058
Iter Step: 14000, Loss: 0.663836
Iter Step: 15000, Loss: 0.662763
Iter Step: 16000, Loss: 0.661826
Iter Step: 17000, Loss: 0.660904
Iter Step: 18000, Loss: 0.659905
Iter Step: 19000, Loss: 0.658885
Iter Step: 20000, Loss: 0.645815
Iter Step: 21000, Loss: 0.625986
Iter Step: 22000, Loss: 0.621389
Iter Step: 23000, Loss: 0.617985
Iter Step: 24000, Loss: 0.614927
Iter Step: 25000, Loss: 0.612424
Iter Step: 26000, Loss: 0.610171
Iter Step: 27000, Loss: 0.607925
Iter Step: 28000, Loss: 0.605794
Iter Step: 29000, Loss: 0.603809
Iter Step: 30000, Loss: 0.657859
Iter Step: 31000, Loss: 0.620562
Iter Step: 32000, Loss: 0.614172
Iter Step: 33000, Loss: 0.609988
Iter Step: 34000, Loss: 0.606145
Iter Step: 35000, Loss: 0.603
Iter Step: 36000, Loss: 0.600135
Iter Step: 37000, Loss: 0.597356
Iter Step: 38000, Loss: 0.594683
Iter Step: 39000, Loss: 0.592025
Iter Step: 40000, Loss: 0.589782
Iter Step: 41000, Loss: 0.528409
Iter Step: 42000, Loss: 0.5196
Iter Step: 43000, Loss: 0.51319
Iter Step: 44000, Loss: 0.50741
Iter Step: 45000, Loss: 0.502296
Iter Step: 46000, Loss: 0.498228
Iter Step: 47000, Loss: 0.494635
Iter Step: 48000, Loss: 0.491362
Iter Step: 49000, Loss: 0.488404
Iter Step: 50000, Loss: 0.571354
Iter Step: 51000, Loss: 0.498139
Iter Step: 52000, Loss: 0.490681
Iter Step: 53000, Loss: 0.487081
Iter Step: 54000, Loss: 0.484229
Iter Step: 55000, Loss: 0.481839
Iter Step: 56000, Loss: 0.47983
Iter Step: 57000, Loss: 0.478137
Iter Step: 58000, Loss: 0.476652
Iter Step: 59000, Loss: 0.475322
Iter Step: 60000, Loss: 0.598476
Iter Step: 61000, Loss: 0.587839
Iter Step: 62000, Loss: 0.580283
Iter Step: 63000, Loss: 0.576096
Iter Step: 64000, Loss: 0.573308
Iter Step: 65000, Loss: 0.57067
Iter Step: 66000, Loss: 0.568742
Iter Step: 67000, Loss: 0.56702
Iter Step: 68000, Loss: 0.565483
Iter Step: 69000, Loss: 0.56411
Iter Step: 70000, Loss: 0.595035
Iter Step: 71000, Loss: 0.571209
Iter Step: 72000, Loss: 0.560671
Iter Step: 73000, Loss: 0.552974
Iter Step: 74000, Loss: 0.54639
Iter Step: 75000, Loss: 0.540703
Iter Step: 76000, Loss: 0.536443
Iter Step: 77000, Loss: 0.532693
Iter Step: 78000, Loss: 0.528857
Iter Step: 79000, Loss: 0.525704
Iter Step: 80000, Loss: 0.575785
Iter Step: 81000, Loss: 0.513398
Iter Step: 82000, Loss: 0.500113
Iter Step: 83000, Loss: 0.492782
Iter Step: 84000, Loss: 0.486955
Iter Step: 85000, Loss: 0.483201
Iter Step: 86000, Loss: 0.480109
Iter Step: 87000, Loss: 0.47743
Iter Step: 88000, Loss: 0.474969
Iter Step: 89000, Loss: 0.472074
Iter Step: 90000, Loss: 0.556537
Iter Step: 91000, Loss: 0.545992
Iter Step: 92000, Loss: 0.538687
Iter Step: 93000, Loss: 0.53285
Iter Step: 94000, Loss: 0.528854
Iter Step: 95000, Loss: 0.525386
Iter Step: 96000, Loss: 0.522153
Iter Step: 97000, Loss: 0.519147
Iter Step: 98000, Loss: 0.516469
Iter Step: 99000, Loss: 0.513955
Iter Step: 100000, Loss: 0.550317
Iter Step: 101000, Loss: 0.539741
Iter Step: 102000, Loss: 0.535015
Iter Step: 103000, Loss: 0.532702
Iter Step: 104000, Loss: 0.530726
Iter Step: 105000, Loss: 0.528631
Iter Step: 106000, Loss: 0.526777
Iter Step: 107000, Loss: 0.525127
Iter Step: 108000, Loss: 0.523649
Iter Step: 109000, Loss: 0.522389
Iter Step: 110000, Loss: 0.539476
Iter Step: 111000, Loss: 0.516067
Iter Step: 112000, Loss: 0.508643
Iter Step: 113000, Loss: 0.503868
Iter Step: 114000, Loss: 0.499823
Iter Step: 115000, Loss: 0.496473
Iter Step: 116000, Loss: 0.493792
Iter Step: 117000, Loss: 0.491793
Iter Step: 118000, Loss: 0.489956
Iter Step: 119000, Loss: 0.488301
Iter Step: 120000, Loss: 0.507707
Iter Step: 121000, Loss: 0.489359
Iter Step: 122000, Loss: 0.477594
Iter Step: 123000, Loss: 0.468069
Iter Step: 124000, Loss: 0.458912
Iter Step: 125000, Loss: 0.453408
Iter Step: 126000, Loss: 0.449341
Iter Step: 127000, Loss: 0.445583
Iter Step: 128000, Loss: 0.441895
Iter Step: 129000, Loss: 0.438324
Iter Step: 130000, Loss: 0.469254
Iter Step: 131000, Loss: 0.44527
Iter Step: 132000, Loss: 0.435817
Iter Step: 133000, Loss: 0.431381
Iter Step: 134000, Loss: 0.428406
Iter Step: 135000, Loss: 0.425716
Iter Step: 136000, Loss: 0.423063
Iter Step: 137000, Loss: 0.420508
Iter Step: 138000, Loss: 0.418027
Iter Step: 139000, Loss: 0.415617
Iter Step: 140000, Loss: 0.618317
Iter Step: 141000, Loss: 0.55061
Iter Step: 142000, Loss: 0.52062
Iter Step: 143000, Loss: 0.504815
Iter Step: 144000, Loss: 0.495242
Iter Step: 145000, Loss: 0.488471
Iter Step: 146000, Loss: 0.482964
Iter Step: 147000, Loss: 0.478828
Iter Step: 148000, Loss: 0.475434
Iter Step: 149000, Loss: 0.472466
Iter Step: 150000, Loss: 0.481951
Iter Step: 151000, Loss: 0.470614
Iter Step: 152000, Loss: 0.461332
Iter Step: 153000, Loss: 0.452687
Iter Step: 154000, Loss: 0.44282
Iter Step: 155000, Loss: 0.434614
Iter Step: 156000, Loss: 0.427337
Iter Step: 157000, Loss: 0.420996
Iter Step: 158000, Loss: 0.416841
Iter Step: 159000, Loss: 0.412965
Iter Step: 160000, Loss: 0.488393
Iter Step: 161000, Loss: 0.454592
Iter Step: 162000, Loss: 0.445875
Iter Step: 163000, Loss: 0.438641
Iter Step: 164000, Loss: 0.432374
Iter Step: 165000, Loss: 0.427008
Iter Step: 166000, Loss: 0.421331
Iter Step: 167000, Loss: 0.413795
Iter Step: 168000, Loss: 0.408127
Iter Step: 169000, Loss: 0.403033
Iter Step: 170000, Loss: 0.437731
Iter Step: 171000, Loss: 0.362856
Iter Step: 172000, Loss: 0.353755
Iter Step: 173000, Loss: 0.349219
Iter Step: 174000, Loss: 0.345504
Iter Step: 175000, Loss: 0.342067
Iter Step: 176000, Loss: 0.338819
Iter Step: 177000, Loss: 0.335689
Iter Step: 178000, Loss: 0.332679
Iter Step: 179000, Loss: 0.329764
Iter Step: 180000, Loss: 0.537435
Iter Step: 181000, Loss: 0.439091
Iter Step: 182000, Loss: 0.426834
Iter Step: 183000, Loss: 0.418487
Iter Step: 184000, Loss: 0.411845
Iter Step: 185000, Loss: 0.406065
Iter Step: 186000, Loss: 0.400507
Iter Step: 187000, Loss: 0.395149
Iter Step: 188000, Loss: 0.390092
Iter Step: 189000, Loss: 0.385268
Iter Step: 190000, Loss: 0.45998
Iter Step: 191000, Loss: 0.430245
Iter Step: 192000, Loss: 0.422794
Iter Step: 193000, Loss: 0.417489
Iter Step: 194000, Loss: 0.413174
Iter Step: 195000, Loss: 0.409073
Iter Step: 196000, Loss: 0.405128
Iter Step: 197000, Loss: 0.40133
Iter Step: 198000, Loss: 0.397691
Iter Step: 199000, Loss: 0.394239
Iter Step: 200000, Loss: 0.434783
Iter Step: 201000, Loss: 0.373931
Iter Step: 202000, Loss: 0.36459
Iter Step: 203000, Loss: 0.359765
Iter Step: 204000, Loss: 0.356055
Iter Step: 205000, Loss: 0.353041
Iter Step: 206000, Loss: 0.350102
Iter Step: 207000, Loss: 0.347117
Iter Step: 208000, Loss: 0.344565
Iter Step: 209000, Loss: 0.342135
Iter Step: 210000, Loss: 0.393841
Iter Step: 211000, Loss: 0.327008
Iter Step: 212000, Loss: 0.320411
Iter Step: 213000, Loss: 0.313675
Iter Step: 214000, Loss: 0.308497
Iter Step: 215000, Loss: 0.303955
Iter Step: 216000, Loss: 0.29989
Iter Step: 217000, Loss: 0.296276
Iter Step: 218000, Loss: 0.29292
Iter Step: 219000, Loss: 0.289737
Iter Step: 220000, Loss: 0.478458
Iter Step: 221000, Loss: 0.430289
Iter Step: 222000, Loss: 0.409587
Iter Step: 223000, Loss: 0.395727
Iter Step: 224000, Loss: 0.385015
Iter Step: 225000, Loss: 0.377467
Iter Step: 226000, Loss: 0.371356
Iter Step: 227000, Loss: 0.365831
Iter Step: 228000, Loss: 0.360461
Iter Step: 229000, Loss: 0.355459
Iter Step: 230000, Loss: 0.404982
Iter Step: 231000, Loss: 0.316269
Iter Step: 232000, Loss: 0.300797
Iter Step: 233000, Loss: 0.291277
Iter Step: 234000, Loss: 0.28406
Iter Step: 235000, Loss: 0.2782
Iter Step: 236000, Loss: 0.273189
Iter Step: 237000, Loss: 0.268783
Iter Step: 238000, Loss: 0.264906
Iter Step: 239000, Loss: 0.261604
Iter Step: 240000, Loss: 0.374185
Iter Step: 241000, Loss: 0.327005
Iter Step: 242000, Loss: 0.318584
Iter Step: 243000, Loss: 0.311157
Iter Step: 244000, Loss: 0.304551
Iter Step: 245000, Loss: 0.298664
Iter Step: 246000, Loss: 0.292237
Iter Step: 247000, Loss: 0.285809
Iter Step: 248000, Loss: 0.280019
Iter Step: 249000, Loss: 0.274789
Iter Step: 250000, Loss: 0.332743
Iter Step: 251000, Loss: 0.300705
Iter Step: 252000, Loss: 0.287442
Iter Step: 253000, Loss: 0.282087
Iter Step: 254000, Loss: 0.278814
Iter Step: 255000, Loss: 0.276031
Iter Step: 256000, Loss: 0.272761
Iter Step: 257000, Loss: 0.269587
Iter Step: 258000, Loss: 0.266595
Iter Step: 259000, Loss: 0.263748
Iter Step: 260000, Loss: 0.348941
Iter Step: 261000, Loss: 0.327077
Iter Step: 262000, Loss: 0.318893
Iter Step: 263000, Loss: 0.313402
Iter Step: 264000, Loss: 0.308974
Iter Step: 265000, Loss: 0.305084
Iter Step: 266000, Loss: 0.301533
Iter Step: 267000, Loss: 0.298223
Iter Step: 268000, Loss: 0.295148
Iter Step: 269000, Loss: 0.292364
Iter Step: 270000, Loss: 0.264937
Iter Step: 271000, Loss: 0.243314
Iter Step: 272000, Loss: 0.23265
Iter Step: 273000, Loss: 0.225504
Iter Step: 274000, Loss: 0.219683
Iter Step: 275000, Loss: 0.214459
Iter Step: 276000, Loss: 0.209892
Iter Step: 277000, Loss: 0.205202
Iter Step: 278000, Loss: 0.200804
Iter Step: 279000, Loss: 0.197019
Iter Step: 280000, Loss: 0.234318
Iter Step: 281000, Loss: 0.207796
Iter Step: 282000, Loss: 0.200269
Iter Step: 283000, Loss: 0.196978
Iter Step: 284000, Loss: 0.194656
Iter Step: 285000, Loss: 0.19258
Iter Step: 286000, Loss: 0.190686
Iter Step: 287000, Loss: 0.18903
Iter Step: 288000, Loss: 0.187577
Iter Step: 289000, Loss: 0.186281
Iter Step: 290000, Loss: 0.257325
Iter Step: 291000, Loss: 0.203941
Iter Step: 292000, Loss: 0.187021
Iter Step: 293000, Loss: 0.179501
Iter Step: 294000, Loss: 0.174472
Iter Step: 295000, Loss: 0.170243
Iter Step: 296000, Loss: 0.166545
Iter Step: 297000, Loss: 0.163249
Iter Step: 298000, Loss: 0.160233
Iter Step: 299000, Loss: 0.157441
Iter Step: 300000, Loss: 0.349354
Iter Step: 301000, Loss: 0.27403
Iter Step: 302000, Loss: 0.253409
Iter Step: 303000, Loss: 0.245236
Iter Step: 304000, Loss: 0.239877
Iter Step: 305000, Loss: 0.235356
Iter Step: 306000, Loss: 0.231475
Iter Step: 307000, Loss: 0.228089
Iter Step: 308000, Loss: 0.225057
Iter Step: 309000, Loss: 0.222233
Iter Step: 310000, Loss: 0.213709
Iter Step: 311000, Loss: 0.194222
Iter Step: 312000, Loss: 0.188428
Iter Step: 313000, Loss: 0.184456
Iter Step: 314000, Loss: 0.181265
Iter Step: 315000, Loss: 0.178546
Iter Step: 316000, Loss: 0.176145
Iter Step: 317000, Loss: 0.173923
Iter Step: 318000, Loss: 0.17184
Iter Step: 319000, Loss: 0.169818
Iter Step: 320000, Loss: 0.219204
Iter Step: 321000, Loss: 0.204715
Iter Step: 322000, Loss: 0.199609
Iter Step: 323000, Loss: 0.195518
Iter Step: 324000, Loss: 0.191824
Iter Step: 325000, Loss: 0.188734
Iter Step: 326000, Loss: 0.185992
Iter Step: 327000, Loss: 0.183499
Iter Step: 328000, Loss: 0.18119
Iter Step: 329000, Loss: 0.179034
Iter Step: 330000, Loss: 0.201404
Iter Step: 331000, Loss: 0.190626
Iter Step: 332000, Loss: 0.187987
Iter Step: 333000, Loss: 0.185901
Iter Step: 334000, Loss: 0.18402
Iter Step: 335000, Loss: 0.182324
Iter Step: 336000, Loss: 0.180753
Iter Step: 337000, Loss: 0.179246
Iter Step: 338000, Loss: 0.177841
Iter Step: 339000, Loss: 0.176485
Iter Step: 340000, Loss: 0.285686
Iter Step: 341000, Loss: 0.26437
Iter Step: 342000, Loss: 0.257162
Iter Step: 343000, Loss: 0.252116
Iter Step: 344000, Loss: 0.247964
Iter Step: 345000, Loss: 0.244508
Iter Step: 346000, Loss: 0.241581
Iter Step: 347000, Loss: 0.23904
Iter Step: 348000, Loss: 0.236829
Iter Step: 349000, Loss: 0.235133
Iter Step: 350000, Loss: 0.186964
Iter Step: 351000, Loss: 0.176229
Iter Step: 352000, Loss: 0.173284
Iter Step: 353000, Loss: 0.171097
Iter Step: 354000, Loss: 0.169212
Iter Step: 355000, Loss: 0.167488
Iter Step: 356000, Loss: 0.16588
Iter Step: 357000, Loss: 0.164368
Iter Step: 358000, Loss: 0.162937
Iter Step: 359000, Loss: 0.16156
Iter Step: 360000, Loss: 0.291923
Iter Step: 361000, Loss: 0.271165
Iter Step: 362000, Loss: 0.259852
Iter Step: 363000, Loss: 0.250633
Iter Step: 364000, Loss: 0.242903
Iter Step: 365000, Loss: 0.236383
Iter Step: 366000, Loss: 0.230964
Iter Step: 367000, Loss: 0.226348
Iter Step: 368000, Loss: 0.222365
Iter Step: 369000, Loss: 0.218942
Iter Step: 370000, Loss: 0.313369
Iter Step: 371000, Loss: 0.245332
Iter Step: 372000, Loss: 0.235669
Iter Step: 373000, Loss: 0.22977
Iter Step: 374000, Loss: 0.224944
Iter Step: 375000, Loss: 0.220874
Iter Step: 376000, Loss: 0.217681
Iter Step: 377000, Loss: 0.215316
Iter Step: 378000, Loss: 0.213237
Iter Step: 379000, Loss: 0.2113
Iter Step: 380000, Loss: 0.205438
Iter Step: 381000, Loss: 0.158072
Iter Step: 382000, Loss: 0.146281
Iter Step: 383000, Loss: 0.13767
Iter Step: 384000, Loss: 0.131542
Iter Step: 385000, Loss: 0.126791
Iter Step: 386000, Loss: 0.122866
Iter Step: 387000, Loss: 0.119776
Iter Step: 388000, Loss: 0.117134
Iter Step: 389000, Loss: 0.114746
Iter Step: 390000, Loss: 0.184749
Iter Step: 391000, Loss: 0.17379
Iter Step: 392000, Loss: 0.168874
Iter Step: 393000, Loss: 0.166118
Iter Step: 394000, Loss: 0.164068
Iter Step: 395000, Loss: 0.162316
Iter Step: 396000, Loss: 0.160692
Iter Step: 397000, Loss: 0.159168
Iter Step: 398000, Loss: 0.157745
Iter Step: 399000, Loss: 0.156397
Iter Step: 400000, Loss: 0.333477
Iter Step: 401000, Loss: 0.256958
Iter Step: 402000, Loss: 0.238401
Iter Step: 403000, Loss: 0.22848
Iter Step: 404000, Loss: 0.221671
Iter Step: 405000, Loss: 0.216483
Iter Step: 406000, Loss: 0.212698
Iter Step: 407000, Loss: 0.209782
Iter Step: 408000, Loss: 0.207345
Iter Step: 409000, Loss: 0.204878
Iter Step: 410000, Loss: 0.341165
Iter Step: 411000, Loss: 0.259952
Iter Step: 412000, Loss: 0.240625
Iter Step: 413000, Loss: 0.231598
Iter Step: 414000, Loss: 0.225182
Iter Step: 415000, Loss: 0.220127
Iter Step: 416000, Loss: 0.215747
Iter Step: 417000, Loss: 0.211734
Iter Step: 418000, Loss: 0.208178
Iter Step: 419000, Loss: 0.205036
Iter Step: 420000, Loss: 0.187942
Iter Step: 421000, Loss: 0.170313
Iter Step: 422000, Loss: 0.163621
Iter Step: 423000, Loss: 0.159042
Iter Step: 424000, Loss: 0.155262
Iter Step: 425000, Loss: 0.152009
Iter Step: 426000, Loss: 0.148998
Iter Step: 427000, Loss: 0.146235
Iter Step: 428000, Loss: 0.143692
Iter Step: 429000, Loss: 0.14136
Iter Step: 430000, Loss: 0.275397
Iter Step: 431000, Loss: 0.176196
Iter Step: 432000, Loss: 0.168129
Iter Step: 433000, Loss: 0.163708
Iter Step: 434000, Loss: 0.160337
Iter Step: 435000, Loss: 0.157523
Iter Step: 436000, Loss: 0.155103
Iter Step: 437000, Loss: 0.153041
Iter Step: 438000, Loss: 0.151235
Iter Step: 439000, Loss: 0.149614
Iter Step: 440000, Loss: 0.178345
Iter Step: 441000, Loss: 0.166338
Iter Step: 442000, Loss: 0.159299
Iter Step: 443000, Loss: 0.153601
Iter Step: 444000, Loss: 0.148689
Iter Step: 445000, Loss: 0.144363
Iter Step: 446000, Loss: 0.140325
Iter Step: 447000, Loss: 0.136779
Iter Step: 448000, Loss: 0.133634
Iter Step: 449000, Loss: 0.130938
Iter Step: 450000, Loss: 0.243406
Iter Step: 451000, Loss: 0.228552
Iter Step: 452000, Loss: 0.221124
Iter Step: 453000, Loss: 0.215249
Iter Step: 454000, Loss: 0.21037
Iter Step: 455000, Loss: 0.206214
Iter Step: 456000, Loss: 0.20263
Iter Step: 457000, Loss: 0.199518
Iter Step: 458000, Loss: 0.196383
Iter Step: 459000, Loss: 0.192929
Iter Step: 460000, Loss: 0.140832
Iter Step: 461000, Loss: 0.121376
Iter Step: 462000, Loss: 0.115952
Iter Step: 463000, Loss: 0.111774
Iter Step: 464000, Loss: 0.108425
Iter Step: 465000, Loss: 0.10568
Iter Step: 466000, Loss: 0.103438
Iter Step: 467000, Loss: 0.101485
Iter Step: 468000, Loss: 0.0996054
Iter Step: 469000, Loss: 0.0979689
Iter Step: 470000, Loss: 0.219741
Iter Step: 471000, Loss: 0.172639
Iter Step: 472000, Loss: 0.160401
Iter Step: 473000, Loss: 0.151687
Iter Step: 474000, Loss: 0.144844
Iter Step: 475000, Loss: 0.139295
Iter Step: 476000, Loss: 0.134713
Iter Step: 477000, Loss: 0.13087
Iter Step: 478000, Loss: 0.127597
Iter Step: 479000, Loss: 0.124771
Iter Step: 480000, Loss: 0.303908
Iter Step: 481000, Loss: 0.217359
Iter Step: 482000, Loss: 0.206221
Iter Step: 483000, Loss: 0.198732
Iter Step: 484000, Loss: 0.193015
Iter Step: 485000, Loss: 0.188994
Iter Step: 486000, Loss: 0.185773
Iter Step: 487000, Loss: 0.183105
Iter Step: 488000, Loss: 0.180881
Iter Step: 489000, Loss: 0.178996
Iter Step: 490000, Loss: 0.2071
Iter Step: 491000, Loss: 0.182591
Iter Step: 492000, Loss: 0.173748
Iter Step: 493000, Loss: 0.16952
Iter Step: 494000, Loss: 0.165636
Iter Step: 495000, Loss: 0.162254
Iter Step: 496000, Loss: 0.159293
Iter Step: 497000, Loss: 0.156635
Iter Step: 498000, Loss: 0.154136
Iter Step: 499000, Loss: 0.151844
Iter Step: 500000, Loss: 0.239473
Iter Step: 501000, Loss: 0.15997
Iter Step: 502000, Loss: 0.156051
Iter Step: 503000, Loss: 0.152946
Iter Step: 504000, Loss: 0.150201
Iter Step: 505000, Loss: 0.147637
Iter Step: 506000, Loss: 0.145233
Iter Step: 507000, Loss: 0.142833
Iter Step: 508000, Loss: 0.140623
Iter Step: 509000, Loss: 0.138539
Iter Step: 510000, Loss: 0.203105
Iter Step: 511000, Loss: 0.141795
Iter Step: 512000, Loss: 0.130955
Iter Step: 513000, Loss: 0.124694
Iter Step: 514000, Loss: 0.120402
Iter Step: 515000, Loss: 0.117036
Iter Step: 516000, Loss: 0.114229
Iter Step: 517000, Loss: 0.111855
Iter Step: 518000, Loss: 0.109712
Iter Step: 519000, Loss: 0.107773
Iter Step: 520000, Loss: 0.24193
Iter Step: 521000, Loss: 0.160881
Iter Step: 522000, Loss: 0.143984
Iter Step: 523000, Loss: 0.136305
Iter Step: 524000, Loss: 0.13126
Iter Step: 525000, Loss: 0.127329
Iter Step: 526000, Loss: 0.123975
Iter Step: 527000, Loss: 0.121263
Iter Step: 528000, Loss: 0.119002
Iter Step: 529000, Loss: 0.117079
Iter Step: 530000, Loss: 0.134756
Iter Step: 531000, Loss: 0.104559
Iter Step: 532000, Loss: 0.0965516
Iter Step: 533000, Loss: 0.0929631
Iter Step: 534000, Loss: 0.0918212
Iter Step: 535000, Loss: 0.0910765
Iter Step: 536000, Loss: 0.0904138
Iter Step: 537000, Loss: 0.0898014
Iter Step: 538000, Loss: 0.0892201
Iter Step: 539000, Loss: 0.0883116
Iter Step: 540000, Loss: 0.204584
Iter Step: 541000, Loss: 0.144493
Iter Step: 542000, Loss: 0.132858
Iter Step: 543000, Loss: 0.127782
Iter Step: 544000, Loss: 0.12422
Iter Step: 545000, Loss: 0.121432
Iter Step: 546000, Loss: 0.119016
Iter Step: 547000, Loss: 0.11692
Iter Step: 548000, Loss: 0.115044
Iter Step: 549000, Loss: 0.113335
Iter Step: 550000, Loss: 0.30085
Iter Step: 551000, Loss: 0.226451
Iter Step: 552000, Loss: 0.212086
Iter Step: 553000, Loss: 0.199613
Iter Step: 554000, Loss: 0.189601
Iter Step: 555000, Loss: 0.181523
Iter Step: 556000, Loss: 0.175217
Iter Step: 557000, Loss: 0.169722
Iter Step: 558000, Loss: 0.164884
Iter Step: 559000, Loss: 0.160619
Iter Step: 560000, Loss: 0.166437
Iter Step: 561000, Loss: 0.11709
Iter Step: 562000, Loss: 0.107454
Iter Step: 563000, Loss: 0.102283
Iter Step: 564000, Loss: 0.0984657
Iter Step: 565000, Loss: 0.0953215
Iter Step: 566000, Loss: 0.0926558
Iter Step: 567000, Loss: 0.0903655
Iter Step: 568000, Loss: 0.0883851
Iter Step: 569000, Loss: 0.0867146
Iter Step: 570000, Loss: 0.150196
Iter Step: 571000, Loss: 0.0991503
Iter Step: 572000, Loss: 0.0913776
Iter Step: 573000, Loss: 0.0876763
Iter Step: 574000, Loss: 0.0850258
Iter Step: 575000, Loss: 0.0828832
Iter Step: 576000, Loss: 0.0808969
Iter Step: 577000, Loss: 0.079207
Iter Step: 578000, Loss: 0.0777521
Iter Step: 579000, Loss: 0.0764663
Iter Step: 580000, Loss: 0.190228
Iter Step: 581000, Loss: 0.133325
Iter Step: 582000, Loss: 0.121224
Iter Step: 583000, Loss: 0.117087
Iter Step: 584000, Loss: 0.114218
Iter Step: 585000, Loss: 0.111922
Iter Step: 586000, Loss: 0.10993
Iter Step: 587000, Loss: 0.108159
Iter Step: 588000, Loss: 0.106569
Iter Step: 589000, Loss: 0.105125
Iter Step: 590000, Loss: 0.19271
Iter Step: 591000, Loss: 0.156118
Iter Step: 592000, Loss: 0.14923
Iter Step: 593000, Loss: 0.145446
Iter Step: 594000, Loss: 0.143063
Iter Step: 595000, Loss: 0.141046
Iter Step: 596000, Loss: 0.139251
Iter Step: 597000, Loss: 0.137578
Iter Step: 598000, Loss: 0.135988
Iter Step: 599000, Loss: 0.13447
Iter Step: 600000, Loss: 0.255005
Iter Step: 601000, Loss: 0.174717
Iter Step: 602000, Loss: 0.154609
Iter Step: 603000, Loss: 0.145058
Iter Step: 604000, Loss: 0.1393
Iter Step: 605000, Loss: 0.13504
Iter Step: 606000, Loss: 0.128816
Iter Step: 607000, Loss: 0.124441
Iter Step: 608000, Loss: 0.120955
Iter Step: 609000, Loss: 0.117906
Iter Step: 610000, Loss: 0.133388
Iter Step: 611000, Loss: 0.105655
Iter Step: 612000, Loss: 0.0971584
Iter Step: 613000, Loss: 0.0938833
Iter Step: 614000, Loss: 0.0919859
Iter Step: 615000, Loss: 0.090531
Iter Step: 616000, Loss: 0.0892767
Iter Step: 617000, Loss: 0.0881456
Iter Step: 618000, Loss: 0.0871047
Iter Step: 619000, Loss: 0.0861369
Iter Step: 620000, Loss: 0.177955
Iter Step: 621000, Loss: 0.128999
Iter Step: 622000, Loss: 0.115555
Iter Step: 623000, Loss: 0.109524
Iter Step: 624000, Loss: 0.105725
Iter Step: 625000, Loss: 0.102834
Iter Step: 626000, Loss: 0.100394
Iter Step: 627000, Loss: 0.0982968
Iter Step: 628000, Loss: 0.0964377
Iter Step: 629000, Loss: 0.0947972
Iter Step: 630000, Loss: 0.30246
Iter Step: 631000, Loss: 0.173638
Iter Step: 632000, Loss: 0.160135
Iter Step: 633000, Loss: 0.154533
Iter Step: 634000, Loss: 0.150368
Iter Step: 635000, Loss: 0.146719
Iter Step: 636000, Loss: 0.143469
Iter Step: 637000, Loss: 0.140573
Iter Step: 638000, Loss: 0.137987
Iter Step: 639000, Loss: 0.135674
Iter Step: 640000, Loss: 0.2909
Iter Step: 641000, Loss: 0.189159
Iter Step: 642000, Loss: 0.17006
Iter Step: 643000, Loss: 0.160161
Iter Step: 644000, Loss: 0.153568
Iter Step: 645000, Loss: 0.148122
Iter Step: 646000, Loss: 0.143413
Iter Step: 647000, Loss: 0.139251
Iter Step: 648000, Loss: 0.135523
Iter Step: 649000, Loss: 0.132145
Iter Step: 650000, Loss: 0.203934
Iter Step: 651000, Loss: 0.127201
Iter Step: 652000, Loss: 0.113464
Iter Step: 653000, Loss: 0.107766
Iter Step: 654000, Loss: 0.103554
Iter Step: 655000, Loss: 0.10016
Iter Step: 656000, Loss: 0.0973737
Iter Step: 657000, Loss: 0.0946327
Iter Step: 658000, Loss: 0.0919696
Iter Step: 659000, Loss: 0.0898063
Iter Step: 660000, Loss: 0.231677
Iter Step: 661000, Loss: 0.181469
Iter Step: 662000, Loss: 0.17753
Iter Step: 663000, Loss: 0.174926
Iter Step: 664000, Loss: 0.172659
Iter Step: 665000, Loss: 0.170617
Iter Step: 666000, Loss: 0.168745
Iter Step: 667000, Loss: 0.166981
Iter Step: 668000, Loss: 0.165307
Iter Step: 669000, Loss: 0.163718
Iter Step: 670000, Loss: 0.136275
Iter Step: 671000, Loss: 0.112853
Iter Step: 672000, Loss: 0.109284
Iter Step: 673000, Loss: 0.106626
Iter Step: 674000, Loss: 0.104315
Iter Step: 675000, Loss: 0.102269
Iter Step: 676000, Loss: 0.100446
Iter Step: 677000, Loss: 0.0988002
Iter Step: 678000, Loss: 0.0973058
Iter Step: 679000, Loss: 0.095937
Iter Step: 680000, Loss: 0.163481
Iter Step: 681000, Loss: 0.115464
Iter Step: 682000, Loss: 0.103792
Iter Step: 683000, Loss: 0.0993143
Iter Step: 684000, Loss: 0.0966136
Iter Step: 685000, Loss: 0.0947346
Iter Step: 686000, Loss: 0.0931719
Iter Step: 687000, Loss: 0.0918263
Iter Step: 688000, Loss: 0.0906444
Iter Step: 689000, Loss: 0.0895942
Iter Step: 690000, Loss: 0.225758
Iter Step: 691000, Loss: 0.180131
Iter Step: 692000, Loss: 0.167029
Iter Step: 693000, Loss: 0.159885
Iter Step: 694000, Loss: 0.155039
Iter Step: 695000, Loss: 0.150842
Iter Step: 696000, Loss: 0.147116
Iter Step: 697000, Loss: 0.143772
Iter Step: 698000, Loss: 0.140748
Iter Step: 699000, Loss: 0.138001
Iter Step: 700000, Loss: 0.116279
Iter Step: 701000, Loss: 0.0920255
Iter Step: 702000, Loss: 0.0879025
Iter Step: 703000, Loss: 0.0857546
Iter Step: 704000, Loss: 0.0841625
Iter Step: 705000, Loss: 0.082805
Iter Step: 706000, Loss: 0.081595
Iter Step: 707000, Loss: 0.0804965
Iter Step: 708000, Loss: 0.0794885
Iter Step: 709000, Loss: 0.0785566
Iter Step: 710000, Loss: 0.154817
Iter Step: 711000, Loss: 0.137179
Iter Step: 712000, Loss: 0.132178
Iter Step: 713000, Loss: 0.124894
Iter Step: 714000, Loss: 0.120703
Iter Step: 715000, Loss: 0.117542
Iter Step: 716000, Loss: 0.115211
Iter Step: 717000, Loss: 0.113286
Iter Step: 718000, Loss: 0.111474
Iter Step: 719000, Loss: 0.109659
Iter Step: 720000, Loss: 0.131623
Iter Step: 721000, Loss: 0.107982
Iter Step: 722000, Loss: 0.101032
Iter Step: 723000, Loss: 0.0977368
Iter Step: 724000, Loss: 0.0955689
Iter Step: 725000, Loss: 0.0938261
Iter Step: 726000, Loss: 0.0923526
Iter Step: 727000, Loss: 0.0910679
Iter Step: 728000, Loss: 0.0899369
Iter Step: 729000, Loss: 0.0889075
Iter Step: 730000, Loss: 0.13849
Iter Step: 731000, Loss: 0.125003
Iter Step: 732000, Loss: 0.120643
Iter Step: 733000, Loss: 0.117455
Iter Step: 734000, Loss: 0.11476
Iter Step: 735000, Loss: 0.11242
Iter Step: 736000, Loss: 0.109099
Iter Step: 737000, Loss: 0.105535
Iter Step: 738000, Loss: 0.103409
Iter Step: 739000, Loss: 0.101919
Iter Step: 740000, Loss: 0.251565
Iter Step: 741000, Loss: 0.195522
Iter Step: 742000, Loss: 0.174562
Iter Step: 743000, Loss: 0.160264
Iter Step: 744000, Loss: 0.150602
Iter Step: 745000, Loss: 0.143341
Iter Step: 746000, Loss: 0.13751
Iter Step: 747000, Loss: 0.132658
Iter Step: 748000, Loss: 0.128538
Iter Step: 749000, Loss: 0.124923
Iter Step: 750000, Loss: 0.339063
Iter Step: 751000, Loss: 0.26923
Iter Step: 752000, Loss: 0.251986
Iter Step: 753000, Loss: 0.240597
Iter Step: 754000, Loss: 0.231148
Iter Step: 755000, Loss: 0.22192
Iter Step: 756000, Loss: 0.214266
Iter Step: 757000, Loss: 0.207694
Iter Step: 758000, Loss: 0.202107
Iter Step: 759000, Loss: 0.197314
Iter Step: 760000, Loss: 0.131916
Iter Step: 761000, Loss: 0.111977
Iter Step: 762000, Loss: 0.105081
Iter Step: 763000, Loss: 0.0995242
Iter Step: 764000, Loss: 0.0948033
Iter Step: 765000, Loss: 0.0907645
Iter Step: 766000, Loss: 0.0857121
Iter Step: 767000, Loss: 0.081451
Iter Step: 768000, Loss: 0.0778944
Iter Step: 769000, Loss: 0.0748528
Iter Step: 770000, Loss: 0.231177
Iter Step: 771000, Loss: 0.205833
Iter Step: 772000, Loss: 0.189891
Iter Step: 773000, Loss: 0.181242
Iter Step: 774000, Loss: 0.175321
Iter Step: 775000, Loss: 0.17053
Iter Step: 776000, Loss: 0.166506
Iter Step: 777000, Loss: 0.163091
Iter Step: 778000, Loss: 0.160149
Iter Step: 779000, Loss: 0.157571
Iter Step: 780000, Loss: 0.148123
Iter Step: 781000, Loss: 0.133077
Iter Step: 782000, Loss: 0.126004
Iter Step: 783000, Loss: 0.120826
Iter Step: 784000, Loss: 0.116414
Iter Step: 785000, Loss: 0.112497
Iter Step: 786000, Loss: 0.109025
Iter Step: 787000, Loss: 0.105903
Iter Step: 788000, Loss: 0.103074
Iter Step: 789000, Loss: 0.100517
Iter Step: 790000, Loss: 0.163166
Iter Step: 791000, Loss: 0.149614
Iter Step: 792000, Loss: 0.144114
Iter Step: 793000, Loss: 0.140656
Iter Step: 794000, Loss: 0.137898
Iter Step: 795000, Loss: 0.135524
Iter Step: 796000, Loss: 0.133388
Iter Step: 797000, Loss: 0.130949
Iter Step: 798000, Loss: 0.128065
Iter Step: 799000, Loss: 0.1256
Iter Step: 800000, Loss: 0.204716
Iter Step: 801000, Loss: 0.180253
Iter Step: 802000, Loss: 0.166651
Iter Step: 803000, Loss: 0.1562
Iter Step: 804000, Loss: 0.147758
Iter Step: 805000, Loss: 0.140774
Iter Step: 806000, Loss: 0.134777
Iter Step: 807000, Loss: 0.129691
Iter Step: 808000, Loss: 0.125401
Iter Step: 809000, Loss: 0.121714
Iter Step: 810000, Loss: 0.303867
Iter Step: 811000, Loss: 0.225972
Iter Step: 812000, Loss: 0.192163
Iter Step: 813000, Loss: 0.169368
Iter Step: 814000, Loss: 0.152481
Iter Step: 815000, Loss: 0.139255
Iter Step: 816000, Loss: 0.127374
Iter Step: 817000, Loss: 0.118599
Iter Step: 818000, Loss: 0.111757
Iter Step: 819000, Loss: 0.106206
Iter Step: 820000, Loss: 0.175972
Iter Step: 821000, Loss: 0.140851
Iter Step: 822000, Loss: 0.128088
Iter Step: 823000, Loss: 0.119887
Iter Step: 824000, Loss: 0.114492
Iter Step: 825000, Loss: 0.110299
Iter Step: 826000, Loss: 0.106777
Iter Step: 827000, Loss: 0.103842
Iter Step: 828000, Loss: 0.10135
Iter Step: 829000, Loss: 0.0992087
Iter Step: 830000, Loss: 0.15735
Iter Step: 831000, Loss: 0.147008
Iter Step: 832000, Loss: 0.142675
Iter Step: 833000, Loss: 0.139187
Iter Step: 834000, Loss: 0.136252
Iter Step: 835000, Loss: 0.13382
Iter Step: 836000, Loss: 0.131799
Iter Step: 837000, Loss: 0.130034
Iter Step: 838000, Loss: 0.12846
Iter Step: 839000, Loss: 0.127086
Iter Step: 840000, Loss: 0.145322
Iter Step: 841000, Loss: 0.107628
Iter Step: 842000, Loss: 0.101191
Iter Step: 843000, Loss: 0.0978649
Iter Step: 844000, Loss: 0.0954337
Iter Step: 845000, Loss: 0.0933952
Iter Step: 846000, Loss: 0.09192
Iter Step: 847000, Loss: 0.0908378
Iter Step: 848000, Loss: 0.0899137
Iter Step: 849000, Loss: 0.0891258
Iter Step: 850000, Loss: 0.173169
Iter Step: 851000, Loss: 0.151546
Iter Step: 852000, Loss: 0.147288
Iter Step: 853000, Loss: 0.144782
Iter Step: 854000, Loss: 0.142806
Iter Step: 855000, Loss: 0.141158
Iter Step: 856000, Loss: 0.139798
Iter Step: 857000, Loss: 0.138553
Iter Step: 858000, Loss: 0.137397
Iter Step: 859000, Loss: 0.136413
Iter Step: 860000, Loss: 0.122883
Iter Step: 861000, Loss: 0.104837
Iter Step: 862000, Loss: 0.100567
Iter Step: 863000, Loss: 0.0977085
Iter Step: 864000, Loss: 0.0954527
Iter Step: 865000, Loss: 0.0936271
Iter Step: 866000, Loss: 0.092013
Iter Step: 867000, Loss: 0.0905662
Iter Step: 868000, Loss: 0.0892747
Iter Step: 869000, Loss: 0.0880842
Iter Step: 870000, Loss: 0.121794
Iter Step: 871000, Loss: 0.103904
Iter Step: 872000, Loss: 0.0969126
Iter Step: 873000, Loss: 0.0924035
Iter Step: 874000, Loss: 0.0889683
Iter Step: 875000, Loss: 0.0861466
Iter Step: 876000, Loss: 0.0837424
Iter Step: 877000, Loss: 0.0816636
Iter Step: 878000, Loss: 0.079895
Iter Step: 879000, Loss: 0.0783556
Iter Step: 880000, Loss: 0.175465
Iter Step: 881000, Loss: 0.13189
Iter Step: 882000, Loss: 0.121338
Iter Step: 883000, Loss: 0.113954
Iter Step: 884000, Loss: 0.107793
Iter Step: 885000, Loss: 0.101521
Iter Step: 886000, Loss: 0.0955238
Iter Step: 887000, Loss: 0.0905079
Iter Step: 888000, Loss: 0.0862342
Iter Step: 889000, Loss: 0.0825649
Iter Step: 890000, Loss: 0.0903902
Iter Step: 891000, Loss: 0.0783467
Iter Step: 892000, Loss: 0.0725647
Iter Step: 893000, Loss: 0.0681664
Iter Step: 894000, Loss: 0.0646906
Iter Step: 895000, Loss: 0.0619206
Iter Step: 896000, Loss: 0.059633
Iter Step: 897000, Loss: 0.0577083
Iter Step: 898000, Loss: 0.0560583
Iter Step: 899000, Loss: 0.0546217
Iter Step: 900000, Loss: 0.223194
Iter Step: 901000, Loss: 0.175166
Iter Step: 902000, Loss: 0.161376
Iter Step: 903000, Loss: 0.152408
Iter Step: 904000, Loss: 0.145838
Iter Step: 905000, Loss: 0.14076
Iter Step: 906000, Loss: 0.136716
Iter Step: 907000, Loss: 0.133482
Iter Step: 908000, Loss: 0.130819
Iter Step: 909000, Loss: 0.128599
Iter Step: 910000, Loss: 0.264927
Iter Step: 911000, Loss: 0.155216
Iter Step: 912000, Loss: 0.137358
Iter Step: 913000, Loss: 0.129879
Iter Step: 914000, Loss: 0.12473
Iter Step: 915000, Loss: 0.121379
Iter Step: 916000, Loss: 0.118807
Iter Step: 917000, Loss: 0.116716
Iter Step: 918000, Loss: 0.11493
Iter Step: 919000, Loss: 0.113397
Iter Step: 920000, Loss: 0.273993
Iter Step: 921000, Loss: 0.154054
Iter Step: 922000, Loss: 0.144942
Iter Step: 923000, Loss: 0.141824
Iter Step: 924000, Loss: 0.139686
Iter Step: 925000, Loss: 0.137885
Iter Step: 926000, Loss: 0.13628
Iter Step: 927000, Loss: 0.134817
Iter Step: 928000, Loss: 0.133456
Iter Step: 929000, Loss: 0.132202
Iter Step: 930000, Loss: 0.132664
Iter Step: 931000, Loss: 0.0949656
Iter Step: 932000, Loss: 0.0858632
Iter Step: 933000, Loss: 0.0812146
Iter Step: 934000, Loss: 0.0781947
Iter Step: 935000, Loss: 0.0761873
Iter Step: 936000, Loss: 0.0745881
Iter Step: 937000, Loss: 0.0732774
Iter Step: 938000, Loss: 0.0721809
Iter Step: 939000, Loss: 0.0712398
Iter Step: 940000, Loss: 0.201586
Iter Step: 941000, Loss: 0.137439
Iter Step: 942000, Loss: 0.116768
Iter Step: 943000, Loss: 0.106828
Iter Step: 944000, Loss: 0.101563
Iter Step: 945000, Loss: 0.0977266
Iter Step: 946000, Loss: 0.0944222
Iter Step: 947000, Loss: 0.0914379
Iter Step: 948000, Loss: 0.0888393
Iter Step: 949000, Loss: 0.0865251
Iter Step: 950000, Loss: 0.21826
Iter Step: 951000, Loss: 0.152114
Iter Step: 952000, Loss: 0.127958
Iter Step: 953000, Loss: 0.113227
Iter Step: 954000, Loss: 0.103842
Iter Step: 955000, Loss: 0.0970682
Iter Step: 956000, Loss: 0.0918337
Iter Step: 957000, Loss: 0.0875098
Iter Step: 958000, Loss: 0.0838469
Iter Step: 959000, Loss: 0.0806988
Iter Step: 960000, Loss: 0.17286
Iter Step: 961000, Loss: 0.154643
Iter Step: 962000, Loss: 0.148946
Iter Step: 963000, Loss: 0.145854
Iter Step: 964000, Loss: 0.143427
Iter Step: 965000, Loss: 0.141305
Iter Step: 966000, Loss: 0.139486
Iter Step: 967000, Loss: 0.137834
Iter Step: 968000, Loss: 0.13632
Iter Step: 969000, Loss: 0.134925
Iter Step: 970000, Loss: 0.165327
Iter Step: 971000, Loss: 0.141811
Iter Step: 972000, Loss: 0.131647
Iter Step: 973000, Loss: 0.124615
Iter Step: 974000, Loss: 0.119452
Iter Step: 975000, Loss: 0.115332
Iter Step: 976000, Loss: 0.111985
Iter Step: 977000, Loss: 0.109292
Iter Step: 978000, Loss: 0.106989
Iter Step: 979000, Loss: 0.104991
Iter Step: 980000, Loss: 0.212052
Iter Step: 981000, Loss: 0.188112
Iter Step: 982000, Loss: 0.168831
Iter Step: 983000, Loss: 0.147274
Iter Step: 984000, Loss: 0.133778
Iter Step: 985000, Loss: 0.124135
Iter Step: 986000, Loss: 0.116597
Iter Step: 987000, Loss: 0.110517
Iter Step: 988000, Loss: 0.105557
Iter Step: 989000, Loss: 0.101487
Iter Step: 990000, Loss: 0.0916081
Iter Step: 991000, Loss: 0.0798358
Iter Step: 992000, Loss: 0.0764812
Iter Step: 993000, Loss: 0.0746582
Iter Step: 994000, Loss: 0.0733596
Iter Step: 995000, Loss: 0.072297
Iter Step: 996000, Loss: 0.0713292
Iter Step: 997000, Loss: 0.0704266
Iter Step: 998000, Loss: 0.0695767
Iter Step: 999000, Loss: 0.0687721

Testing Accuracy:           92.64%
Training Main Loop Time:    113.63s
Forward Propagation Time:   39.18s
Backward Propagation Time:  68.08s
Matrix Multiplication Time: 58.39s
